<?xml version="1.0" encoding="UTF-8"?>
<robot generator="Robot 3.2.2 (Python 3.8.0 on win32)" generated="20221120 13:42:17.327" rpa="false">
<suite id="s1" name="Automation" source="C:\Users\hassen\Desktop\workspace\Automation">
<suite id="s1-s1" name="Test" source="C:\Users\hassen\Desktop\workspace\Automation\Test">
<suite id="s1-s1-s1" name="Login" source="C:\Users\hassen\Desktop\workspace\Automation\Test\Login.robot">
<test id="s1-s1-s1-t1" name="Test Open Browser">
<kw name="Open Browser Vilocity">
<kw name="Open Browser" library="SeleniumLibrary">
<doc>Opens a new browser instance to the optional ``url``.</doc>
<arguments>
<arg>${URL}</arg>
<arg>${Browser}</arg>
</arguments>
<msg timestamp="20221120 13:42:17.650" level="INFO">Opening browser 'Chrome' to base url 'https://www.velocityfleet.com/accounts/login/'.</msg>
<status status="PASS" starttime="20221120 13:42:17.649" endtime="20221120 13:42:29.215"></status>
</kw>
<kw name="Sleep" library="BuiltIn">
<doc>Pauses the test executed for the given time.</doc>
<arguments>
<arg>2</arg>
</arguments>
<msg timestamp="20221120 13:42:31.233" level="INFO">Slept 2 seconds</msg>
<status status="PASS" starttime="20221120 13:42:29.216" endtime="20221120 13:42:31.233"></status>
</kw>
<kw name="Click Element" library="SeleniumLibrary">
<doc>Click the element identified by ``locator``.</doc>
<arguments>
<arg>id=CybotCookiebotDialogBodyLevelButtonLevelOptinAllowAll</arg>
</arguments>
<msg timestamp="20221120 13:42:31.235" level="INFO">Clicking element 'id=CybotCookiebotDialogBodyLevelButtonLevelOptinAllowAll'.</msg>
<status status="PASS" starttime="20221120 13:42:31.234" endtime="20221120 13:42:31.293"></status>
</kw>
<status status="PASS" starttime="20221120 13:42:17.648" endtime="20221120 13:42:31.294"></status>
</kw>
<kw name="Wait Until Element Is Enabled" library="SeleniumLibrary">
<doc>Waits until the element ``locator`` is enabled.</doc>
<arguments>
<arg>id=login-panel__form</arg>
</arguments>
<status status="PASS" starttime="20221120 13:42:31.295" endtime="20221120 13:42:31.348"></status>
</kw>
<status status="PASS" starttime="20221120 13:42:17.647" endtime="20221120 13:42:31.349" critical="yes"></status>
</test>
<test id="s1-s1-s1-t2" name="Login">
<kw name="Login Portal">
<kw name="Input Text" library="SeleniumLibrary">
<doc>Types the given ``text`` into the text field identified by ``locator``.</doc>
<arguments>
<arg>${Username Locator}</arg>
<arg>${Username}</arg>
</arguments>
<msg timestamp="20221120 13:42:31.353" level="INFO">Typing text 'aymen.h@harrathi.com' into text field 'id:login-panel__email'.</msg>
<status status="PASS" starttime="20221120 13:42:31.352" endtime="20221120 13:42:31.519"></status>
</kw>
<kw name="Sleep" library="BuiltIn">
<doc>Pauses the test executed for the given time.</doc>
<arguments>
<arg>3</arg>
</arguments>
<msg timestamp="20221120 13:42:34.523" level="INFO">Slept 3 seconds</msg>
<status status="PASS" starttime="20221120 13:42:31.520" endtime="20221120 13:42:34.523"></status>
</kw>
<kw name="Input Text" library="SeleniumLibrary">
<doc>Types the given ``text`` into the text field identified by ``locator``.</doc>
<arguments>
<arg>${Password Locator}</arg>
<arg>${Password}</arg>
</arguments>
<msg timestamp="20221120 13:42:34.524" level="INFO">Typing text '@Harrathi2022' into text field 'id:login-panel__password'.</msg>
<status status="PASS" starttime="20221120 13:42:34.523" endtime="20221120 13:42:34.646"></status>
</kw>
<kw name="Sleep" library="BuiltIn">
<doc>Pauses the test executed for the given time.</doc>
<arguments>
<arg>3</arg>
</arguments>
<msg timestamp="20221120 13:42:37.654" level="INFO">Slept 3 seconds</msg>
<status status="PASS" starttime="20221120 13:42:34.646" endtime="20221120 13:42:37.655"></status>
</kw>
<kw name="Click Element" library="SeleniumLibrary">
<doc>Click the element identified by ``locator``.</doc>
<arguments>
<arg>${Login Button Locator}</arg>
</arguments>
<msg timestamp="20221120 13:42:37.657" level="INFO">Clicking element 'xpath://*[@id="login-panel__form"]/button'.</msg>
<status status="PASS" starttime="20221120 13:42:37.656" endtime="20221120 13:42:45.790"></status>
</kw>
<kw name="Sleep" library="BuiltIn">
<doc>Pauses the test executed for the given time.</doc>
<arguments>
<arg>10</arg>
</arguments>
<msg timestamp="20221120 13:42:55.805" level="INFO">Slept 10 seconds</msg>
<status status="PASS" starttime="20221120 13:42:45.791" endtime="20221120 13:42:55.805"></status>
</kw>
<kw name="Close Browser" library="SeleniumLibrary">
<doc>Closes the current browser.</doc>
<status status="PASS" starttime="20221120 13:42:55.806" endtime="20221120 13:42:58.016"></status>
</kw>
<status status="PASS" starttime="20221120 13:42:31.351" endtime="20221120 13:42:58.017"></status>
</kw>
<status status="PASS" starttime="20221120 13:42:31.350" endtime="20221120 13:42:58.018" critical="yes"></status>
</test>
<status status="PASS" starttime="20221120 13:42:17.403" endtime="20221120 13:42:58.021"></status>
</suite>
<status status="PASS" starttime="20221120 13:42:17.398" endtime="20221120 13:42:58.030"></status>
</suite>
<status status="PASS" starttime="20221120 13:42:17.369" endtime="20221120 13:42:58.036"></status>
</suite>
<statistics>
<total>
<stat pass="2" fail="0">Critical Tests</stat>
<stat pass="2" fail="0">All Tests</stat>
</total>
<tag>
</tag>
<suite>
<stat pass="2" fail="0" id="s1" name="Automation">Automation</stat>
<stat pass="2" fail="0" id="s1-s1" name="Test">Automation.Test</stat>
<stat pass="2" fail="0" id="s1-s1-s1" name="Login">Automation.Test.Login</stat>
</suite>
</statistics>
<errors>
</errors>
</robot>
